2025-03-04 16:43:16.0921|INFO|HelloGreetingApplication.Program|Initializing application...
2025-03-04 16:43:17.8377|INFO|Microsoft.Hosting.Lifetime|Now listening on: https://localhost:7061
2025-03-04 16:43:17.8377|INFO|Microsoft.Hosting.Lifetime|Now listening on: http://localhost:5054
2025-03-04 16:43:17.9287|INFO|Microsoft.Hosting.Lifetime|Application started. Press Ctrl+C to shut down.
2025-03-04 16:43:17.9287|INFO|Microsoft.Hosting.Lifetime|Hosting environment: Development
2025-03-04 16:43:17.9287|INFO|Microsoft.Hosting.Lifetime|Content root path: C:\Important\Project\HelloGreetingApplication\HelloGreetingApplication\
2025-03-04 16:43:28.0222|INFO|Microsoft.AspNetCore.Hosting.Diagnostics|Request starting HTTP/2 GET https://localhost:7061/swagger - -
2025-03-04 16:43:28.4431|INFO|Microsoft.AspNetCore.Hosting.Diagnostics|Request finished HTTP/2 GET https://localhost:7061/swagger - - - 301 0 - 429.0137ms
2025-03-04 16:43:28.4767|INFO|Microsoft.AspNetCore.Hosting.Diagnostics|Request starting HTTP/2 GET https://localhost:7061/swagger/index.html - -
2025-03-04 16:43:28.6832|INFO|Microsoft.AspNetCore.Hosting.Diagnostics|Request finished HTTP/2 GET https://localhost:7061/swagger/index.html - - - 200 - text/html;charset=utf-8 202.9084ms
2025-03-04 16:43:28.7874|INFO|Microsoft.AspNetCore.Hosting.Diagnostics|Request starting HTTP/2 GET https://localhost:7061/swagger/swagger-ui.css - -
2025-03-04 16:43:28.7874|INFO|Microsoft.AspNetCore.Hosting.Diagnostics|Request starting HTTP/2 GET https://localhost:7061/swagger/index.css - -
2025-03-04 16:43:28.7874|INFO|Microsoft.AspNetCore.Hosting.Diagnostics|Request starting HTTP/2 GET https://localhost:7061/swagger/swagger-ui-bundle.js - -
2025-03-04 16:43:28.7874|INFO|Microsoft.AspNetCore.Hosting.Diagnostics|Request starting HTTP/2 GET https://localhost:7061/swagger/swagger-ui-standalone-preset.js - -
2025-03-04 16:43:28.7874|INFO|Microsoft.AspNetCore.Hosting.Diagnostics|Request starting HTTP/2 GET https://localhost:7061/swagger/index.js - -
2025-03-04 16:43:28.7874|INFO|Microsoft.AspNetCore.Hosting.Diagnostics|Request starting HTTP/2 GET https://localhost:7061/_framework/aspnetcore-browser-refresh.js - -
2025-03-04 16:43:28.7874|INFO|Microsoft.AspNetCore.Hosting.Diagnostics|Request finished HTTP/2 GET https://localhost:7061/swagger/index.js - - - 200 - application/javascript;charset=utf-8 2.6933ms
2025-03-04 16:43:28.8013|INFO|Microsoft.AspNetCore.Hosting.Diagnostics|Request finished HTTP/2 GET https://localhost:7061/_framework/aspnetcore-browser-refresh.js - - - 200 12380 application/javascript;+charset=utf-8 13.0309ms
2025-03-04 16:43:28.8013|INFO|Microsoft.AspNetCore.StaticFiles.StaticFileMiddleware|Sending file. Request path: '/index.css'. Physical path: 'N/A'
2025-03-04 16:43:28.8013|INFO|Microsoft.AspNetCore.Hosting.Diagnostics|Request finished HTTP/2 GET https://localhost:7061/swagger/index.css - - - 200 202 text/css 19.5764ms
2025-03-04 16:43:28.8013|INFO|Microsoft.AspNetCore.StaticFiles.StaticFileMiddleware|Sending file. Request path: '/swagger-ui.css'. Physical path: 'N/A'
2025-03-04 16:43:28.8435|INFO|Microsoft.AspNetCore.Hosting.Diagnostics|Request starting HTTP/2 GET https://localhost:7061/_vs/browserLink - -
2025-03-04 16:43:28.8605|INFO|Microsoft.AspNetCore.Hosting.Diagnostics|Request finished HTTP/2 GET https://localhost:7061/swagger/swagger-ui.css - - - 200 154948 text/css 73.0916ms
2025-03-04 16:43:28.8803|INFO|Microsoft.AspNetCore.StaticFiles.StaticFileMiddleware|Sending file. Request path: '/swagger-ui-standalone-preset.js'. Physical path: 'N/A'
2025-03-04 16:43:28.9027|INFO|Microsoft.AspNetCore.Hosting.Diagnostics|Request finished HTTP/2 GET https://localhost:7061/swagger/swagger-ui-standalone-preset.js - - - 200 229223 application/javascript 114.9301ms
2025-03-04 16:43:28.9347|INFO|Microsoft.AspNetCore.StaticFiles.StaticFileMiddleware|Sending file. Request path: '/swagger-ui-bundle.js'. Physical path: 'N/A'
2025-03-04 16:43:28.9347|INFO|Microsoft.AspNetCore.Hosting.Diagnostics|Request finished HTTP/2 GET https://localhost:7061/swagger/swagger-ui-bundle.js - - - 200 1466324 application/javascript 147.5443ms
2025-03-04 16:43:29.1306|INFO|Microsoft.AspNetCore.Hosting.Diagnostics|Request finished HTTP/2 GET https://localhost:7061/_vs/browserLink - - - 200 - text/javascript;+charset=UTF-8 286.9518ms
2025-03-04 16:43:29.3065|INFO|Microsoft.AspNetCore.Hosting.Diagnostics|Request starting HTTP/2 GET https://localhost:7061/swagger/v1/swagger.json - -
2025-03-04 16:43:29.3176|INFO|Microsoft.AspNetCore.Hosting.Diagnostics|Request finished HTTP/2 GET https://localhost:7061/swagger/v1/swagger.json - - - 200 - application/json;charset=utf-8 11.0576ms
2025-03-04 16:43:29.3466|INFO|Microsoft.AspNetCore.Hosting.Diagnostics|Request starting HTTP/2 GET https://localhost:7061/swagger/favicon-32x32.png - -
2025-03-04 16:43:29.3474|INFO|Microsoft.AspNetCore.StaticFiles.StaticFileMiddleware|Sending file. Request path: '/favicon-32x32.png'. Physical path: 'N/A'
2025-03-04 16:43:29.3474|INFO|Microsoft.AspNetCore.Hosting.Diagnostics|Request finished HTTP/2 GET https://localhost:7061/swagger/favicon-32x32.png - - - 200 628 image/png 1.1453ms
2025-03-04 17:23:00.4647|INFO|HelloGreetingApplication.Program|Initializing application...
2025-03-04 17:23:02.0734|INFO|Microsoft.Hosting.Lifetime|Now listening on: https://localhost:7061
2025-03-04 17:23:02.0734|INFO|Microsoft.Hosting.Lifetime|Now listening on: http://localhost:5054
2025-03-04 17:23:02.1504|INFO|Microsoft.Hosting.Lifetime|Application started. Press Ctrl+C to shut down.
2025-03-04 17:23:02.1504|INFO|Microsoft.Hosting.Lifetime|Hosting environment: Development
2025-03-04 17:23:02.1504|INFO|Microsoft.Hosting.Lifetime|Content root path: C:\Users\pc\Desktop\CloneAppGreet\GreetingApp_2115000963\HelloGreetingApplication\
2025-03-04 17:23:03.7451|INFO|Microsoft.AspNetCore.Hosting.Diagnostics|Request starting HTTP/2 GET https://localhost:7061/swagger/index.html - -
2025-03-04 17:23:06.1580|INFO|Microsoft.AspNetCore.Hosting.Diagnostics|Request finished HTTP/2 GET https://localhost:7061/swagger/index.html - - - 200 - text/html;charset=utf-8 2390.6835ms
2025-03-04 17:23:06.6033|INFO|Microsoft.AspNetCore.Hosting.Diagnostics|Request starting HTTP/2 GET https://localhost:7061/_framework/aspnetcore-browser-refresh.js - -
2025-03-04 17:23:06.6033|INFO|Microsoft.AspNetCore.Hosting.Diagnostics|Request starting HTTP/2 GET https://localhost:7061/swagger/index.js - -
2025-03-04 17:23:06.6033|INFO|Microsoft.AspNetCore.Hosting.Diagnostics|Request starting HTTP/2 GET https://localhost:7061/_vs/browserLink - -
2025-03-04 17:23:06.6033|INFO|Microsoft.AspNetCore.Hosting.Diagnostics|Request finished HTTP/2 GET https://localhost:7061/swagger/index.js - - - 200 - application/javascript;charset=utf-8 9.1566ms
2025-03-04 17:23:06.6258|INFO|Microsoft.AspNetCore.Hosting.Diagnostics|Request finished HTTP/2 GET https://localhost:7061/_framework/aspnetcore-browser-refresh.js - - - 200 12380 application/javascript;+charset=utf-8 22.4358ms
2025-03-04 17:23:06.7936|INFO|Microsoft.AspNetCore.Hosting.Diagnostics|Request finished HTTP/2 GET https://localhost:7061/_vs/browserLink - - - 200 - text/javascript;+charset=UTF-8 190.2243ms
2025-03-04 17:23:08.0701|INFO|Microsoft.AspNetCore.Hosting.Diagnostics|Request starting HTTP/2 GET https://localhost:7061/swagger/v1/swagger.json - -
2025-03-04 17:23:08.0826|INFO|Microsoft.AspNetCore.Hosting.Diagnostics|Request finished HTTP/2 GET https://localhost:7061/swagger/v1/swagger.json - - - 200 - application/json;charset=utf-8 12.4776ms
2025-03-04 17:23:18.1334|INFO|Microsoft.AspNetCore.Hosting.Diagnostics|Request starting HTTP/2 GET https://localhost:7061/HelloGreeting/GetGreeting - -
2025-03-04 17:23:18.1647|INFO|Microsoft.AspNetCore.Routing.EndpointMiddleware|Executing endpoint 'HelloGreetingApplication.Controllers.HelloGreetingController.GetHello (HelloGreetingApplication)'
2025-03-04 17:23:18.1980|INFO|Microsoft.AspNetCore.Mvc.Infrastructure.ControllerActionInvoker|Route matched with {action = "GetHello", controller = "HelloGreeting"}. Executing controller action with signature System.String GetHello() on controller HelloGreetingApplication.Controllers.HelloGreetingController (HelloGreetingApplication).
2025-03-04 17:23:18.2145|INFO|HelloGreetingApplication.Controllers.HelloGreetingController|Logger Application has been started
2025-03-04 17:23:18.2276|INFO|Microsoft.AspNetCore.Mvc.Infrastructure.ObjectResultExecutor|Executing ObjectResult, writing value of type 'System.String'.
2025-03-04 17:23:18.2421|INFO|Microsoft.AspNetCore.Mvc.Infrastructure.ControllerActionInvoker|Executed action HelloGreetingApplication.Controllers.HelloGreetingController.GetHello (HelloGreetingApplication) in 30.8501ms
2025-03-04 17:23:18.2421|INFO|Microsoft.AspNetCore.Routing.EndpointMiddleware|Executed endpoint 'HelloGreetingApplication.Controllers.HelloGreetingController.GetHello (HelloGreetingApplication)'
2025-03-04 17:23:18.2421|INFO|Microsoft.AspNetCore.Hosting.Diagnostics|Request finished HTTP/2 GET https://localhost:7061/HelloGreeting/GetGreeting - - - 200 - text/plain;+charset=utf-8 109.7501ms
2025-03-04 23:10:33.7083|INFO|HelloGreetingApplication.Program|Initializing application...
2025-03-04 23:10:35.1692|INFO|Microsoft.Hosting.Lifetime|Now listening on: https://localhost:7061
2025-03-04 23:10:35.1692|INFO|Microsoft.Hosting.Lifetime|Now listening on: http://localhost:5054
2025-03-04 23:10:35.2422|INFO|Microsoft.Hosting.Lifetime|Application started. Press Ctrl+C to shut down.
2025-03-04 23:10:35.2422|INFO|Microsoft.Hosting.Lifetime|Hosting environment: Development
2025-03-04 23:10:35.2422|INFO|Microsoft.Hosting.Lifetime|Content root path: C:\Users\pc\Desktop\CloneAppGreet\GreetingApp_2115000963\HelloGreetingApplication\
2025-03-04 23:10:37.2010|INFO|Microsoft.AspNetCore.Hosting.Diagnostics|Request starting HTTP/2 GET https://localhost:7061/swagger/index.html - -
2025-03-04 23:10:38.9436|INFO|Microsoft.AspNetCore.Hosting.Diagnostics|Request finished HTTP/2 GET https://localhost:7061/swagger/index.html - - - 200 - text/html;charset=utf-8 1749.5191ms
2025-03-04 23:10:39.0226|INFO|Microsoft.AspNetCore.Hosting.Diagnostics|Request starting HTTP/2 GET https://localhost:7061/_framework/aspnetcore-browser-refresh.js - -
2025-03-04 23:10:39.0226|INFO|Microsoft.AspNetCore.Hosting.Diagnostics|Request starting HTTP/2 GET https://localhost:7061/swagger/index.js - -
2025-03-04 23:10:39.0226|INFO|Microsoft.AspNetCore.Hosting.Diagnostics|Request finished HTTP/2 GET https://localhost:7061/swagger/index.js - - - 200 - application/javascript;charset=utf-8 7.3437ms
2025-03-04 23:10:39.0226|INFO|Microsoft.AspNetCore.Hosting.Diagnostics|Request finished HTTP/2 GET https://localhost:7061/_framework/aspnetcore-browser-refresh.js - - - 200 12380 application/javascript;+charset=utf-8 11.4968ms
2025-03-04 23:10:39.3610|INFO|Microsoft.AspNetCore.Hosting.Diagnostics|Request starting HTTP/2 GET https://localhost:7061/_vs/browserLink - -
2025-03-04 23:10:39.7004|INFO|Microsoft.AspNetCore.Hosting.Diagnostics|Request finished HTTP/2 GET https://localhost:7061/_vs/browserLink - - - 200 - text/javascript;+charset=UTF-8 339.3612ms
2025-03-04 23:10:39.8191|INFO|Microsoft.AspNetCore.Hosting.Diagnostics|Request starting HTTP/2 GET https://localhost:7061/swagger/v1/swagger.json - -
2025-03-04 23:10:39.8395|INFO|Microsoft.AspNetCore.Hosting.Diagnostics|Request finished HTTP/2 GET https://localhost:7061/swagger/v1/swagger.json - - - 200 - application/json;charset=utf-8 20.5591ms
2025-03-04 23:11:25.2483|INFO|Microsoft.AspNetCore.Hosting.Diagnostics|Request starting HTTP/2 POST https://localhost:7061/HelloGreeting/PostGreet application/json 57
2025-03-04 23:11:25.2734|INFO|Microsoft.AspNetCore.Routing.EndpointMiddleware|Executing endpoint 'HelloGreetingApplication.Controllers.HelloGreetingController.PostGreeting (HelloGreetingApplication)'
2025-03-04 23:11:25.3165|INFO|Microsoft.AspNetCore.Mvc.Infrastructure.ControllerActionInvoker|Route matched with {action = "PostGreeting", controller = "HelloGreeting"}. Executing controller action with signature Microsoft.AspNetCore.Mvc.IActionResult PostGreeting(ModelLayer.Model.UserModel) on controller HelloGreetingApplication.Controllers.HelloGreetingController (HelloGreetingApplication).
2025-03-04 23:11:25.3165|INFO|HelloGreetingApplication.Controllers.HelloGreetingController|Logger Application has been started
2025-03-04 23:11:25.3860|INFO|RepositoryLayer.Service.GreetingRL|Greeting is Generated: Welcome Shivansh Srivastava
2025-03-04 23:11:25.3960|INFO|Microsoft.AspNetCore.Mvc.Infrastructure.ObjectResultExecutor|Executing OkObjectResult, writing value of type 'ModelLayer.Model.ResponseModel`1[[System.String, System.Private.CoreLib, Version=6.0.0.0, Culture=neutral, PublicKeyToken=7cec85d7bea7798e]]'.
2025-03-04 23:11:25.3960|INFO|Microsoft.AspNetCore.Mvc.Infrastructure.ControllerActionInvoker|Executed action HelloGreetingApplication.Controllers.HelloGreetingController.PostGreeting (HelloGreetingApplication) in 81.9321ms
2025-03-04 23:11:25.3960|INFO|Microsoft.AspNetCore.Routing.EndpointMiddleware|Executed endpoint 'HelloGreetingApplication.Controllers.HelloGreetingController.PostGreeting (HelloGreetingApplication)'
2025-03-04 23:11:25.3960|INFO|Microsoft.AspNetCore.Hosting.Diagnostics|Request finished HTTP/2 POST https://localhost:7061/HelloGreeting/PostGreet application/json 57 - 200 - application/json;+charset=utf-8 160.2676ms
